{
  "start": "2021-10-30T16:05:37.576Z",
  "end": "2021-10-30T16:06:00.010Z",
  "capabilities": {
    "acceptInsecureCerts": true,
    "browserName": "firefox",
    "browserVersion": "93.0",
    "moz:accessibilityChecks": false,
    "moz:buildID": "20210927210923",
    "moz:debuggerAddress": "localhost:38701",
    "moz:geckodriverVersion": "0.30.0",
    "moz:headless": false,
    "moz:processID": 750,
    "moz:profile": "/tmp/rust_mozprofileDlyewK",
    "moz:shutdownTimeout": 60000,
    "moz:useNonSpecCompliantPointerOrigin": false,
    "moz:webdriverClick": true,
    "pageLoadStrategy": "normal",
    "platformName": "linux",
    "platformVersion": "5.4.120+",
    "proxy": {},
    "se:cdp": "ws://0.0.0.0:4444/session/f600e97d-22f8-40a5-8c07-ffc95db0885a/se/cdp",
    "se:cdpVersion": "85",
    "se:vnc": "ws://0.0.0.0:4444/session/f600e97d-22f8-40a5-8c07-ffc95db0885a/se/vnc",
    "se:vncEnabled": true,
    "se:vncLocalAddress": "ws://10.104.1.58:7900",
    "setWindowRect": true,
    "strictFileInteractability": false,
    "timeouts": {
      "implicit": 0,
      "pageLoad": 300000,
      "script": 30000
    },
    "unhandledPromptBehavior": "dismiss and notify",
    "sessionId": "f600e97d-22f8-40a5-8c07-ffc95db0885a"
  },
  "host": "34.72.180.106",
  "port": 4444,
  "baseUrl": "http://localhost",
  "framework": "mocha",
  "duration": 22434,
  "suites": [
    {
      "title": "Volvo XC40 Pure Electric Page Validator",
      "duration": 19089,
      "start": "2021-10-30T16:05:37.581Z",
      "end": "2021-10-30T16:05:56.670Z",
      "tests": [
        {
          "title": "Launch Home Page",
          "start": "2021-10-30T16:05:37.582Z",
          "end": "2021-10-30T16:05:44.935Z",
          "duration": 7353,
          "state": "passed",
          "screenshots": []
        },
        {
          "title": "Validate XC40 Pure Electric Link",
          "start": "2021-10-30T16:05:44.935Z",
          "end": "2021-10-30T16:05:49.708Z",
          "duration": 4773,
          "state": "passed",
          "screenshots": []
        },
        {
          "title": "Validate XC40 Pure Electric URL",
          "start": "2021-10-30T16:05:49.708Z",
          "end": "2021-10-30T16:05:49.940Z",
          "duration": 232,
          "state": "passed",
          "screenshots": []
        },
        {
          "title": "Validate XC40 Pure Electric Page Title",
          "start": "2021-10-30T16:05:49.940Z",
          "end": "2021-10-30T16:05:50.178Z",
          "duration": 238,
          "state": "passed",
          "screenshots": []
        },
        {
          "title": "Validate XC40 Pure Electric SHOP URL Launch",
          "start": "2021-10-30T16:05:50.178Z",
          "end": "2021-10-30T16:05:56.113Z",
          "duration": 5935,
          "state": "passed",
          "screenshots": []
        },
        {
          "title": "Validate XC40 Pure Electric SHOP Title",
          "start": "2021-10-30T16:05:56.113Z",
          "end": "2021-10-30T16:05:56.346Z",
          "duration": 233,
          "state": "passed",
          "screenshots": []
        },
        {
          "title": "Validate XC40 Pure Electric SHOP Title",
          "start": "2021-10-30T16:05:56.346Z",
          "end": "2021-10-30T16:05:56.659Z",
          "duration": 313,
          "state": "passed",
          "screenshots": []
        }
      ],
      "hooks": []
    }
  ],
  "specs": [
    "/home/kirub_invest/git/volvo-kube-wdio/test/specs/XC40PureElectric.spec.js"
  ],
  "state": {
    "passed": 7,
    "failed": 0,
    "skipped": 0
  }
}