{
  "start": "2021-10-30T13:04:56.595Z",
  "end": "2021-10-30T13:05:08.786Z",
  "capabilities": {
    "acceptInsecureCerts": true,
    "browserName": "chrome",
    "browserVersion": "94.0.4606.81",
    "chrome": {
      "chromedriverVersion": "94.0.4606.61 (418b78f5838ed0b1c69bb4e51ea0252171854915-refs/branch-heads/4606@{#1204})",
      "userDataDir": "/tmp/.com.google.Chrome.ZI2KI3"
    },
    "goog:chromeOptions": {
      "debuggerAddress": "localhost:41755"
    },
    "networkConnectionEnabled": false,
    "pageLoadStrategy": "normal",
    "platformName": "linux",
    "proxy": {},
    "se:cdp": "ws://localhost:4444/session/0eaa033875e66d84700c035af0d42a65/se/cdp",
    "se:cdpVersion": "94.0.4606.81",
    "se:vnc": "ws://localhost:4444/session/0eaa033875e66d84700c035af0d42a65/se/vnc",
    "se:vncEnabled": true,
    "se:vncLocalAddress": "ws://172.21.0.3:7900",
    "setWindowRect": true,
    "strictFileInteractability": false,
    "timeouts": {
      "implicit": 0,
      "pageLoad": 300000,
      "script": 30000
    },
    "unhandledPromptBehavior": "dismiss and notify",
    "webauthn:extension:credBlob": true,
    "webauthn:extension:largeBlob": true,
    "webauthn:virtualAuthenticators": true,
    "sessionId": "0eaa033875e66d84700c035af0d42a65"
  },
  "host": "localhost",
  "port": 4444,
  "baseUrl": "http://localhost",
  "framework": "mocha",
  "duration": 12191,
  "suites": [
    {
      "title": "Volvo XC40 Pure Electric Page Validator",
      "duration": 12040,
      "start": "2021-10-30T13:04:56.604Z",
      "end": "2021-10-30T13:05:08.644Z",
      "tests": [
        {
          "title": "Launch Home Page",
          "start": "2021-10-30T13:04:56.605Z",
          "end": "2021-10-30T13:05:01.994Z",
          "duration": 5389,
          "state": "passed",
          "screenshots": []
        },
        {
          "title": "Validate XC40 Pure Electric Link",
          "start": "2021-10-30T13:05:01.995Z",
          "end": "2021-10-30T13:05:04.392Z",
          "duration": 2397,
          "state": "passed",
          "screenshots": []
        },
        {
          "title": "Validate XC40 Pure Electric URL",
          "start": "2021-10-30T13:05:04.393Z",
          "end": "2021-10-30T13:05:04.553Z",
          "duration": 160,
          "state": "passed",
          "screenshots": []
        },
        {
          "title": "Validate XC40 Pure Electric Page Title",
          "start": "2021-10-30T13:05:04.553Z",
          "end": "2021-10-30T13:05:04.724Z",
          "duration": 171,
          "state": "passed",
          "screenshots": []
        },
        {
          "title": "Validate XC40 Pure Electric SHOP URL Launch",
          "start": "2021-10-30T13:05:04.725Z",
          "end": "2021-10-30T13:05:08.171Z",
          "duration": 3446,
          "state": "passed",
          "screenshots": []
        },
        {
          "title": "Validate XC40 Pure Electric SHOP Title",
          "start": "2021-10-30T13:05:08.171Z",
          "end": "2021-10-30T13:05:08.612Z",
          "duration": 441,
          "state": "passed",
          "screenshots": []
        },
        {
          "title": "Validate XC40 Pure Electric SHOP Title",
          "start": "2021-10-30T13:05:08.612Z",
          "end": "2021-10-30T13:05:08.630Z",
          "duration": 18,
          "state": "passed",
          "screenshots": []
        }
      ],
      "hooks": []
    }
  ],
  "specs": [
    "/home/kirub_invest/git/volvo-kube-wdio/test/specs/XC40PureElectric.spec.js"
  ],
  "state": {
    "passed": 7,
    "failed": 0,
    "skipped": 0
  }
}