{
  "start": "2021-10-28T19:45:02.597Z",
  "end": "2021-10-28T19:45:15.937Z",
  "capabilities": {
    "acceptInsecureCerts": true,
    "browserName": "chrome",
    "browserVersion": "94.0.4606.81",
    "chrome": {
      "chromedriverVersion": "94.0.4606.61 (418b78f5838ed0b1c69bb4e51ea0252171854915-refs/branch-heads/4606@{#1204})",
      "userDataDir": "/tmp/.com.google.Chrome.HwovzK"
    },
    "goog:chromeOptions": {
      "debuggerAddress": "localhost:45131"
    },
    "networkConnectionEnabled": false,
    "pageLoadStrategy": "normal",
    "platformName": "linux",
    "proxy": {},
    "se:cdp": "ws://localhost:4444/session/6f7c00f535aada1e8593a014e970d4e2/se/cdp",
    "se:cdpVersion": "94.0.4606.81",
    "se:vnc": "ws://localhost:4444/session/6f7c00f535aada1e8593a014e970d4e2/se/vnc",
    "se:vncEnabled": true,
    "se:vncLocalAddress": "ws://172.23.0.4:7900",
    "setWindowRect": true,
    "strictFileInteractability": false,
    "timeouts": {
      "implicit": 0,
      "pageLoad": 300000,
      "script": 30000
    },
    "unhandledPromptBehavior": "dismiss and notify",
    "webauthn:extension:credBlob": true,
    "webauthn:extension:largeBlob": true,
    "webauthn:virtualAuthenticators": true,
    "sessionId": "6f7c00f535aada1e8593a014e970d4e2"
  },
  "host": "localhost",
  "port": 4444,
  "baseUrl": "http://localhost",
  "framework": "mocha",
  "duration": 13340,
  "suites": [
    {
      "title": "Volvo XC40-Hybrid SUV Page Validator",
      "duration": 13109,
      "start": "2021-10-28T19:45:02.602Z",
      "end": "2021-10-28T19:45:15.711Z",
      "tests": [
        {
          "title": "Launc Home Page",
          "start": "2021-10-28T19:45:02.602Z",
          "end": "2021-10-28T19:45:06.524Z",
          "duration": 3922,
          "state": "passed",
          "screenshots": []
        },
        {
          "title": "Validate XC40-Hybrid SUV Link",
          "start": "2021-10-28T19:45:06.525Z",
          "end": "2021-10-28T19:45:09.020Z",
          "duration": 2495,
          "state": "passed",
          "screenshots": []
        },
        {
          "title": "Validate XC40-Hybrid SUV URL",
          "start": "2021-10-28T19:45:09.020Z",
          "end": "2021-10-28T19:45:09.212Z",
          "duration": 192,
          "state": "passed",
          "screenshots": []
        },
        {
          "title": "Validate XC40-Hybrid SUV Page Title",
          "start": "2021-10-28T19:45:09.213Z",
          "end": "2021-10-28T19:45:09.466Z",
          "duration": 253,
          "state": "passed",
          "screenshots": []
        },
        {
          "title": "Validate XC40-Hybrid SUV SHOP URL Launch",
          "start": "2021-10-28T19:45:09.466Z",
          "end": "2021-10-28T19:45:15.612Z",
          "duration": 6146,
          "state": "passed",
          "screenshots": []
        },
        {
          "title": "Validate XC40-Hybrid SUV SHOP URL",
          "start": "2021-10-28T19:45:15.612Z",
          "end": "2021-10-28T19:45:15.699Z",
          "duration": 87,
          "state": "passed",
          "screenshots": []
        }
      ],
      "hooks": []
    }
  ],
  "specs": [
    "/Users/ksaminat/testing/git_volvo/volvo-kube/test/specs/XC40HybridSUV.spec.js"
  ],
  "state": {
    "passed": 6,
    "failed": 0,
    "skipped": 0
  }
}