2021-10-30T11:31:52.847Z INFO @wdio/local-runner: Run worker command: run
2021-10-30T11:31:55.129Z INFO webdriver: Initiate new session using the WebDriver protocol
2021-10-30T11:31:55.204Z INFO webdriver: [POST] http://localhost:4444/session
2021-10-30T11:31:55.204Z INFO webdriver: DATA {
  capabilities: {
    alwaysMatch: { browserName: 'chrome', acceptInsecureCerts: true },
    firstMatch: [ {} ]
  },
  desiredCapabilities: { browserName: 'chrome', acceptInsecureCerts: true }
}
2021-10-30T11:32:16.685Z INFO webdriver: COMMAND navigateTo("https://www.volvocars.com/intl/v/car-safety/a-million-more")
2021-10-30T11:32:16.685Z INFO webdriver: [POST] http://localhost:4444/session/9bf53987efe6f1cf727f666d2682db58/url
2021-10-30T11:32:16.685Z INFO webdriver: DATA { url: 'https://www.volvocars.com/intl/v/car-safety/a-million-more' }
2021-10-30T11:32:18.235Z INFO webdriver: COMMAND maximizeWindow()
2021-10-30T11:32:18.236Z INFO webdriver: [POST] http://localhost:4444/session/9bf53987efe6f1cf727f666d2682db58/window/maximize
2021-10-30T11:32:18.385Z INFO webdriver: RESULT { height: 998, width: 1360, x: 0, y: 0 }
2021-10-30T11:32:21.388Z INFO webdriver: COMMAND findElement("xpath", "/html/body/div[1]/div[2]/div[4]/div[2]/div/button")
2021-10-30T11:32:21.388Z INFO webdriver: [POST] http://localhost:4444/session/9bf53987efe6f1cf727f666d2682db58/element
2021-10-30T11:32:21.388Z INFO webdriver: DATA {
  using: 'xpath',
  value: '/html/body/div[1]/div[2]/div[4]/div[2]/div/button'
}
2021-10-30T11:32:21.422Z INFO webdriver: RESULT {
  'element-6066-11e4-a52e-4f735466cecf': 'bf77ada1-8483-4fd0-9ddf-4d22469d1619'
}
2021-10-30T11:32:21.428Z INFO webdriver: COMMAND elementClick("bf77ada1-8483-4fd0-9ddf-4d22469d1619")
2021-10-30T11:32:21.428Z INFO webdriver: [POST] http://localhost:4444/session/9bf53987efe6f1cf727f666d2682db58/element/bf77ada1-8483-4fd0-9ddf-4d22469d1619/click
2021-10-30T11:32:21.667Z INFO webdriver: COMMAND getTitle()
2021-10-30T11:32:21.667Z INFO webdriver: [GET] http://localhost:4444/session/9bf53987efe6f1cf727f666d2682db58/title
2021-10-30T11:32:21.689Z INFO webdriver: RESULT A million more | Volvo Cars - International
2021-10-30T11:32:21.697Z INFO webdriver: COMMAND findElement("xpath", "//*[@id="ProductListCarousel-1"]/section/div[1]/div/div/div/div[1]/div/div/div/div/div[4]/div/a/div[2]/picture")
2021-10-30T11:32:21.697Z INFO webdriver: [POST] http://localhost:4444/session/9bf53987efe6f1cf727f666d2682db58/element
2021-10-30T11:32:21.697Z INFO webdriver: DATA {
  using: 'xpath',
  value: '//*[@id="ProductListCarousel-1"]/section/div[1]/div/div/div/div[1]/div/div/div/div/div[4]/div/a/div[2]/picture'
}
2021-10-30T11:32:21.759Z INFO webdriver: RESULT {
  'element-6066-11e4-a52e-4f735466cecf': 'fc270572-00f3-47f1-a9bf-611a4e66588a'
}
2021-10-30T11:32:21.764Z INFO webdriver: COMMAND executeScript(<fn>, <object>)
2021-10-30T11:32:21.764Z INFO webdriver: [POST] http://localhost:4444/session/9bf53987efe6f1cf727f666d2682db58/execute/sync
2021-10-30T11:32:21.765Z INFO webdriver: DATA {
  script: 'return (function isElementDisplayed(element) {\n' +
    '    function nodeIsElement(node) {\n' +
    '        if (!node) {\n' +
    '            return false;\n' +
    '        }\n' +
    '        switch (node.nodeType) {\n' +
    '            case Node.ELEMENT_NODE:\n' +
    '            case Node.DOCUMENT_NODE:\n' +
    '            case Node.DOCUMENT_FRAGMENT_NODE:\n' +
    '                return true;\n' +
    '            default:\n' +
    '                return false;\n' +
    '        }\n' +
    '    }\n' +
    '    function parentElementForElement(element) {\n' +
    '        if (!element) {\n' +
    '            return null;\n' +
    '        }\n' +
    '        return enclosingNodeOrSelfMatchingPredicate(element.parentNode, nodeIsElement);\n' +
    '    }\n' +
    '    function enclosingNodeOrSelfMatchingPredicate(targetNode, predicate) {\n' +
    '        for (let node = targetNode; node && node !== targetNode.ownerDocument; node = node.parentNode)\n' +
    '            if (predicate(node)) {\n' +
    '                return node;\n' +
    '            }\n' +
    '        return null;\n' +
    '    }\n' +
    '    function enclosingElementOrSelfMatchingPredicate(targetElement, predicate) {\n' +
    '        for (let element = targetElement; element && element !== targetElement.ownerDocument; element = parentElementForElement(element))\n' +
    '            if (predicate(element)) {\n' +
    '                return element;\n' +
    '            }\n' +
    '        return null;\n' +
    '    }\n' +
    '    function cascadedStylePropertyForElement(element, property) {\n' +
    '        if (!element || !property) {\n' +
    '            return null;\n' +
    '        }\n' +
    '        // if document-fragment, skip it and use element.host instead. This happens\n' +
    '        // when the element is inside a shadow root.\n' +
    '        // window.getComputedStyle errors on document-fragment.\n' +
    '        if (element instanceof DocumentFragment) {\n' +
    '            element = element.host;\n' +
    '        }\n' +
    '        let computedStyle = window.getComputedStyle(element);\n' +
    '        let computedStyleProperty = computedStyle.getPropertyValue(property);\n' +
    "        if (computedStyleProperty && computedStyleProperty !== 'inherit') {\n" +
    '            return computedStyleProperty;\n' +
    '        }\n' +
    "        // Ideally getPropertyValue would return the 'used' or 'actual' value, but\n" +
    "        // it doesn't for legacy reasons. So we need to do our own poor man's cascade.\n" +
    "        // Fall back to the first non-'inherit' value found in an ancestor.\n" +
    "        // In any case, getPropertyValue will not return 'initial'.\n" +
    '        // FIXME: will this incorrectly inherit non-inheritable CSS properties?\n' +
    '        // I think all important non-inheritable properties (width, height, etc.)\n' +
    '        // for our purposes here are specially resolved, so this may not be an issue.\n' +
    '        // Specification is here: https://drafts.csswg.org/cssom/#resolved-values\n' +
    '        let parentElement = parentElementForElement(element);\n' +
    '        return cascadedStylePropertyForElement(parentElement, property);\n' +
    '    }\n' +
    '    function elementSubtreeHasNonZeroDimensions(element) {\n' +
    '        let boundingBox = element.getBoundingClientRect();\n' +
    '        if (boundingBox.width > 0 && boundingBox.height > 0) {\n' +
    '            return true;\n' +
    '        }\n' +
    '        // Paths can have a zero width or height. Treat them as shown if the stroke width is positive.\n' +
    "        if (element.tagName.toUpperCase() === 'PATH' && boundingBox.width + boundingBox.height > 0) {\n" +
    "            let strokeWidth = cascadedStylePropertyForElement(element, 'stroke-width');\n" +
    '            return !!strokeWidth && (parseInt(strokeWidth, 10) > 0);\n' +
    '        }\n' +
    "        let cascadedOverflow = cascadedStylePropertyForElement(element, 'overflow');\n" +
    "        if (cascadedOverflow === 'hidden') {\n" +
    '            return false;\n' +
    '        }\n' +
    "        // If the container's overflow is not hidden and it has zero size, consider the\n" +
    '        // container to have non-zero dimensions if a child node has non-zero dimensions.\n' +
    '        return Array.from(element.childNodes).some((childNode) => {\n' +
    '            if (childNode.nodeType === Node.TEXT_NODE) {\n' +
    '                return true;\n' +
    '            }\n' +
    '            if (nodeIsElement(childNode)) {\n' +
    '                return elementSubtreeHasNonZeroDimensions(childNode);\n' +
    '            }\n' +
    '            return false;\n' +
    '        });\n' +
    '    }\n' +
    '    function elementOverflowsContainer(element) {\n' +
    "        let cascadedOverflow = cascadedStylePropertyForElement(element, 'overflow');\n" +
    "        if (cascadedOverflow !== 'hidden') {\n" +
    '            return false;\n' +
    '        }\n' +
    '        // FIXME: this needs to take into account the scroll position of the element,\n' +
    '        // the display modes of it and its ancestors, and the container it overflows.\n' +
    "        // See Selenium's bot.dom.getOverflowState atom for an exhaustive list of edge cases.\n" +
    '        return true;\n' +
    '    }\n' +
    '    function isElementSubtreeHiddenByOverflow(element) {\n' +
    '        if (!element) {\n' +
    '            return false;\n' +
    '        }\n' +
    '        if (!elementOverflowsContainer(element)) {\n' +
    '            return false;\n' +
    '        }\n' +
    '        if (!element.childNodes.length) {\n' +
    '            return false;\n' +
    '        }\n' +
    "        // This element's subtree is hidden by overflow if all child subtrees are as well.\n" +
    '        return Array.from(element.childNodes).every((childNode) => {\n' +
    '            // Returns true if the child node is overflowed or otherwise hidden.\n' +
    "            // Base case: not an element, has zero size, scrolled out, or doesn't overflow container.\n" +
    '            // Visibility of text nodes is controlled by parent\n' +
    '            if (childNode.nodeType === Node.TEXT_NODE) {\n' +
    '                return false;\n' +
    '            }\n' +
    '            if (!nodeIsElement(childNode)) {\n' +
    '                return true;\n' +
    '            }\n' +
    '            if (!elementSubtreeHasNonZeroDimensions(childNode)) {\n' +
    '                return true;\n' +
    '            }\n' +
    '            // Recurse.\n' +
    '            return isElementSubtreeHiddenByOverflow(childNode);\n' +
    '        });\n' +
    '    }\n' +
    '    // walk up the tree testing for a shadow root\n' +
    '    function isElementInsideShadowRoot(element) {\n' +
    '        if (!element) {\n' +
    '            return false;\n' +
    '        }\n' +
    '        if (element.parentNode && element.parentNode.host) {\n' +
    '            return true;\n' +
    '        }\n' +
    '        return isElementInsideShadowRoot(element.parentNode);\n' +
    '    }\n' +
    `    // This is a partial reimplementation of Selenium's "element is displayed" algorithm.\n` +
    "    // When the W3C specification's algorithm stabilizes, we should implement that.\n" +
    '    // If this command is misdirected to the wrong document (and is NOT inside a shadow root), treat it as not shown.\n' +
    '    if (!isElementInsideShadowRoot(element) && !document.contains(element)) {\n' +
    '        return false;\n' +
    '    }\n' +
    '    // Special cases for specific tag names.\n' +
    '    switch (element.tagName.toUpperCase()) {\n' +
    "        case 'BODY':\n" +
    '            return true;\n' +
    "        case 'SCRIPT':\n" +
    "        case 'NOSCRIPT':\n" +
    '            return false;\n' +
    "        case 'OPTGROUP':\n" +
    "        case 'OPTION': {\n" +
    '            // Option/optgroup are considered shown if the containing <select> is shown.\n' +
    "            let enclosingSelectElement = enclosingNodeOrSelfMatchingPredicate(element, (e) => e.tagName.toUpperCase() === 'SELECT');\n" +
    '            return isElementDisplayed(enclosingSelectElement);\n' +
    '        }\n' +
    "        case 'INPUT':\n" +
    '            // <input type="hidden"> is considered not shown.\n' +
    "            if (element.type === 'hidden') {\n" +
    '                return false;\n' +
    '            }\n' +
    '            break;\n' +
    "        // case 'MAP':\n" +
    "        // FIXME: Selenium has special handling for <map> elements. We don't do anything now.\n" +
    '        default:\n' +
    '            break;\n' +
    '    }\n' +
    "    if (cascadedStylePropertyForElement(element, 'visibility') !== 'visible') {\n" +
    '        return false;\n' +
    '    }\n' +
    '    let hasAncestorWithZeroOpacity = !!enclosingElementOrSelfMatchingPredicate(element, (e) => {\n' +
    "        return Number(cascadedStylePropertyForElement(e, 'opacity')) === 0;\n" +
    '    });\n' +
    '    let hasAncestorWithDisplayNone = !!enclosingElementOrSelfMatchingPredicate(element, (e) => {\n' +
    "        return cascadedStylePropertyForElement(e, 'display') === 'none';\n" +
    '    });\n' +
    '    if (hasAncestorWithZeroOpacity || hasAncestorWithDisplayNone) {\n' +
    '        return false;\n' +
    '    }\n' +
    '    if (!elementSubtreeHasNonZeroDimensions(element)) {\n' +
    '        return false;\n' +
    '    }\n' +
    '    if (isElementSubtreeHiddenByOverflow(element)) {\n' +
    '        return false;\n' +
    '    }\n' +
    '    return true;\n' +
    '}).apply(null, arguments)',
  args: [
    {
      'element-6066-11e4-a52e-4f735466cecf': 'fc270572-00f3-47f1-a9bf-611a4e66588a',
      ELEMENT: 'fc270572-00f3-47f1-a9bf-611a4e66588a'
    }
  ]
}
2021-10-30T11:32:21.828Z INFO webdriver: RESULT true
2021-10-30T11:32:21.829Z INFO webdriver: COMMAND elementClick("fc270572-00f3-47f1-a9bf-611a4e66588a")
2021-10-30T11:32:21.829Z INFO webdriver: [POST] http://localhost:4444/session/9bf53987efe6f1cf727f666d2682db58/element/fc270572-00f3-47f1-a9bf-611a4e66588a/click
2021-10-30T11:32:26.415Z INFO webdriver: COMMAND getUrl()
2021-10-30T11:32:26.415Z INFO webdriver: [GET] http://localhost:4444/session/9bf53987efe6f1cf727f666d2682db58/url
2021-10-30T11:32:26.441Z INFO webdriver: RESULT https://www.volvocars.com/intl/v/cars/xc40-electric
2021-10-30T11:32:26.444Z INFO webdriver: COMMAND getTitle()
2021-10-30T11:32:26.445Z INFO webdriver: [GET] http://localhost:4444/session/9bf53987efe6f1cf727f666d2682db58/title
2021-10-30T11:32:26.480Z INFO webdriver: RESULT Volvo XC40 Recharge pure electric | Volvo Cars
2021-10-30T11:32:26.482Z INFO webdriver: COMMAND findElement("xpath", "//*[@id="PdpSubmenu-1"]/div[2]/div/section/div[1]/div[2]/div/div/a")
2021-10-30T11:32:26.482Z INFO webdriver: [POST] http://localhost:4444/session/9bf53987efe6f1cf727f666d2682db58/element
2021-10-30T11:32:26.482Z INFO webdriver: DATA {
  using: 'xpath',
  value: '//*[@id="PdpSubmenu-1"]/div[2]/div/section/div[1]/div[2]/div/div/a'
}
2021-10-30T11:32:26.553Z INFO webdriver: RESULT {
  'element-6066-11e4-a52e-4f735466cecf': 'a04bb4b8-bb17-4720-8c87-149cbe8276b4'
}
2021-10-30T11:32:26.557Z INFO webdriver: COMMAND executeScript(<fn>, <object>)
2021-10-30T11:32:26.557Z INFO webdriver: [POST] http://localhost:4444/session/9bf53987efe6f1cf727f666d2682db58/execute/sync
2021-10-30T11:32:26.557Z INFO webdriver: DATA {
  script: 'return (function isElementDisplayed(element) {\n' +
    '    function nodeIsElement(node) {\n' +
    '        if (!node) {\n' +
    '            return false;\n' +
    '        }\n' +
    '        switch (node.nodeType) {\n' +
    '            case Node.ELEMENT_NODE:\n' +
    '            case Node.DOCUMENT_NODE:\n' +
    '            case Node.DOCUMENT_FRAGMENT_NODE:\n' +
    '                return true;\n' +
    '            default:\n' +
    '                return false;\n' +
    '        }\n' +
    '    }\n' +
    '    function parentElementForElement(element) {\n' +
    '        if (!element) {\n' +
    '            return null;\n' +
    '        }\n' +
    '        return enclosingNodeOrSelfMatchingPredicate(element.parentNode, nodeIsElement);\n' +
    '    }\n' +
    '    function enclosingNodeOrSelfMatchingPredicate(targetNode, predicate) {\n' +
    '        for (let node = targetNode; node && node !== targetNode.ownerDocument; node = node.parentNode)\n' +
    '            if (predicate(node)) {\n' +
    '                return node;\n' +
    '            }\n' +
    '        return null;\n' +
    '    }\n' +
    '    function enclosingElementOrSelfMatchingPredicate(targetElement, predicate) {\n' +
    '        for (let element = targetElement; element && element !== targetElement.ownerDocument; element = parentElementForElement(element))\n' +
    '            if (predicate(element)) {\n' +
    '                return element;\n' +
    '            }\n' +
    '        return null;\n' +
    '    }\n' +
    '    function cascadedStylePropertyForElement(element, property) {\n' +
    '        if (!element || !property) {\n' +
    '            return null;\n' +
    '        }\n' +
    '        // if document-fragment, skip it and use element.host instead. This happens\n' +
    '        // when the element is inside a shadow root.\n' +
    '        // window.getComputedStyle errors on document-fragment.\n' +
    '        if (element instanceof DocumentFragment) {\n' +
    '            element = element.host;\n' +
    '        }\n' +
    '        let computedStyle = window.getComputedStyle(element);\n' +
    '        let computedStyleProperty = computedStyle.getPropertyValue(property);\n' +
    "        if (computedStyleProperty && computedStyleProperty !== 'inherit') {\n" +
    '            return computedStyleProperty;\n' +
    '        }\n' +
    "        // Ideally getPropertyValue would return the 'used' or 'actual' value, but\n" +
    "        // it doesn't for legacy reasons. So we need to do our own poor man's cascade.\n" +
    "        // Fall back to the first non-'inherit' value found in an ancestor.\n" +
    "        // In any case, getPropertyValue will not return 'initial'.\n" +
    '        // FIXME: will this incorrectly inherit non-inheritable CSS properties?\n' +
    '        // I think all important non-inheritable properties (width, height, etc.)\n' +
    '        // for our purposes here are specially resolved, so this may not be an issue.\n' +
    '        // Specification is here: https://drafts.csswg.org/cssom/#resolved-values\n' +
    '        let parentElement = parentElementForElement(element);\n' +
    '        return cascadedStylePropertyForElement(parentElement, property);\n' +
    '    }\n' +
    '    function elementSubtreeHasNonZeroDimensions(element) {\n' +
    '        let boundingBox = element.getBoundingClientRect();\n' +
    '        if (boundingBox.width > 0 && boundingBox.height > 0) {\n' +
    '            return true;\n' +
    '        }\n' +
    '        // Paths can have a zero width or height. Treat them as shown if the stroke width is positive.\n' +
    "        if (element.tagName.toUpperCase() === 'PATH' && boundingBox.width + boundingBox.height > 0) {\n" +
    "            let strokeWidth = cascadedStylePropertyForElement(element, 'stroke-width');\n" +
    '            return !!strokeWidth && (parseInt(strokeWidth, 10) > 0);\n' +
    '        }\n' +
    "        let cascadedOverflow = cascadedStylePropertyForElement(element, 'overflow');\n" +
    "        if (cascadedOverflow === 'hidden') {\n" +
    '            return false;\n' +
    '        }\n' +
    "        // If the container's overflow is not hidden and it has zero size, consider the\n" +
    '        // container to have non-zero dimensions if a child node has non-zero dimensions.\n' +
    '        return Array.from(element.childNodes).some((childNode) => {\n' +
    '            if (childNode.nodeType === Node.TEXT_NODE) {\n' +
    '                return true;\n' +
    '            }\n' +
    '            if (nodeIsElement(childNode)) {\n' +
    '                return elementSubtreeHasNonZeroDimensions(childNode);\n' +
    '            }\n' +
    '            return false;\n' +
    '        });\n' +
    '    }\n' +
    '    function elementOverflowsContainer(element) {\n' +
    "        let cascadedOverflow = cascadedStylePropertyForElement(element, 'overflow');\n" +
    "        if (cascadedOverflow !== 'hidden') {\n" +
    '            return false;\n' +
    '        }\n' +
    '        // FIXME: this needs to take into account the scroll position of the element,\n' +
    '        // the display modes of it and its ancestors, and the container it overflows.\n' +
    "        // See Selenium's bot.dom.getOverflowState atom for an exhaustive list of edge cases.\n" +
    '        return true;\n' +
    '    }\n' +
    '    function isElementSubtreeHiddenByOverflow(element) {\n' +
    '        if (!element) {\n' +
    '            return false;\n' +
    '        }\n' +
    '        if (!elementOverflowsContainer(element)) {\n' +
    '            return false;\n' +
    '        }\n' +
    '        if (!element.childNodes.length) {\n' +
    '            return false;\n' +
    '        }\n' +
    "        // This element's subtree is hidden by overflow if all child subtrees are as well.\n" +
    '        return Array.from(element.childNodes).every((childNode) => {\n' +
    '            // Returns true if the child node is overflowed or otherwise hidden.\n' +
    "            // Base case: not an element, has zero size, scrolled out, or doesn't overflow container.\n" +
    '            // Visibility of text nodes is controlled by parent\n' +
    '            if (childNode.nodeType === Node.TEXT_NODE) {\n' +
    '                return false;\n' +
    '            }\n' +
    '            if (!nodeIsElement(childNode)) {\n' +
    '                return true;\n' +
    '            }\n' +
    '            if (!elementSubtreeHasNonZeroDimensions(childNode)) {\n' +
    '                return true;\n' +
    '            }\n' +
    '            // Recurse.\n' +
    '            return isElementSubtreeHiddenByOverflow(childNode);\n' +
    '        });\n' +
    '    }\n' +
    '    // walk up the tree testing for a shadow root\n' +
    '    function isElementInsideShadowRoot(element) {\n' +
    '        if (!element) {\n' +
    '            return false;\n' +
    '        }\n' +
    '        if (element.parentNode && element.parentNode.host) {\n' +
    '            return true;\n' +
    '        }\n' +
    '        return isElementInsideShadowRoot(element.parentNode);\n' +
    '    }\n' +
    `    // This is a partial reimplementation of Selenium's "element is displayed" algorithm.\n` +
    "    // When the W3C specification's algorithm stabilizes, we should implement that.\n" +
    '    // If this command is misdirected to the wrong document (and is NOT inside a shadow root), treat it as not shown.\n' +
    '    if (!isElementInsideShadowRoot(element) && !document.contains(element)) {\n' +
    '        return false;\n' +
    '    }\n' +
    '    // Special cases for specific tag names.\n' +
    '    switch (element.tagName.toUpperCase()) {\n' +
    "        case 'BODY':\n" +
    '            return true;\n' +
    "        case 'SCRIPT':\n" +
    "        case 'NOSCRIPT':\n" +
    '            return false;\n' +
    "        case 'OPTGROUP':\n" +
    "        case 'OPTION': {\n" +
    '            // Option/optgroup are considered shown if the containing <select> is shown.\n' +
    "            let enclosingSelectElement = enclosingNodeOrSelfMatchingPredicate(element, (e) => e.tagName.toUpperCase() === 'SELECT');\n" +
    '            return isElementDisplayed(enclosingSelectElement);\n' +
    '        }\n' +
    "        case 'INPUT':\n" +
    '            // <input type="hidden"> is considered not shown.\n' +
    "            if (element.type === 'hidden') {\n" +
    '                return false;\n' +
    '            }\n' +
    '            break;\n' +
    "        // case 'MAP':\n" +
    "        // FIXME: Selenium has special handling for <map> elements. We don't do anything now.\n" +
    '        default:\n' +
    '            break;\n' +
    '    }\n' +
    "    if (cascadedStylePropertyForElement(element, 'visibility') !== 'visible') {\n" +
    '        return false;\n' +
    '    }\n' +
    '    let hasAncestorWithZeroOpacity = !!enclosingElementOrSelfMatchingPredicate(element, (e) => {\n' +
    "        return Number(cascadedStylePropertyForElement(e, 'opacity')) === 0;\n" +
    '    });\n' +
    '    let hasAncestorWithDisplayNone = !!enclosingElementOrSelfMatchingPredicate(element, (e) => {\n' +
    "        return cascadedStylePropertyForElement(e, 'display') === 'none';\n" +
    '    });\n' +
    '    if (hasAncestorWithZeroOpacity || hasAncestorWithDisplayNone) {\n' +
    '        return false;\n' +
    '    }\n' +
    '    if (!elementSubtreeHasNonZeroDimensions(element)) {\n' +
    '        return false;\n' +
    '    }\n' +
    '    if (isElementSubtreeHiddenByOverflow(element)) {\n' +
    '        return false;\n' +
    '    }\n' +
    '    return true;\n' +
    '}).apply(null, arguments)',
  args: [
    {
      'element-6066-11e4-a52e-4f735466cecf': 'a04bb4b8-bb17-4720-8c87-149cbe8276b4',
      ELEMENT: 'a04bb4b8-bb17-4720-8c87-149cbe8276b4'
    }
  ]
}
2021-10-30T11:32:26.609Z INFO webdriver: RESULT true
2021-10-30T11:32:26.609Z INFO webdriver: COMMAND elementClick("a04bb4b8-bb17-4720-8c87-149cbe8276b4")
2021-10-30T11:32:26.609Z INFO webdriver: [POST] http://localhost:4444/session/9bf53987efe6f1cf727f666d2682db58/element/a04bb4b8-bb17-4720-8c87-149cbe8276b4/click
2021-10-30T11:32:31.077Z INFO webdriver: COMMAND getUrl()
2021-10-30T11:32:31.077Z INFO webdriver: [GET] http://localhost:4444/session/9bf53987efe6f1cf727f666d2682db58/url
2021-10-30T11:32:31.150Z INFO webdriver: RESULT https://www.volvocars.com/intl/build/xc40-electric
2021-10-30T11:32:31.152Z INFO webdriver: COMMAND getTitle()
2021-10-30T11:32:31.152Z INFO webdriver: [GET] http://localhost:4444/session/9bf53987efe6f1cf727f666d2682db58/title
2021-10-30T11:32:31.195Z INFO webdriver: RESULT Design your XC40 Recharge | Volvo Cars International
2021-10-30T11:32:31.209Z INFO webdriver: COMMAND getLogTypes()
2021-10-30T11:32:31.209Z INFO webdriver: [GET] http://localhost:4444/session/9bf53987efe6f1cf727f666d2682db58/se/log/types
2021-10-30T11:32:31.246Z INFO webdriver: RESULT [ 'browser', 'driver' ]
2021-10-30T11:32:31.246Z INFO webdriver: COMMAND getLogs("driver")
2021-10-30T11:32:31.246Z INFO webdriver: [POST] http://localhost:4444/session/9bf53987efe6f1cf727f666d2682db58/se/log
2021-10-30T11:32:31.246Z INFO webdriver: DATA { type: 'driver' }
2021-10-30T11:32:31.247Z INFO webdriver: COMMAND getLogs("browser")
2021-10-30T11:32:31.247Z INFO webdriver: [POST] http://localhost:4444/session/9bf53987efe6f1cf727f666d2682db58/se/log
2021-10-30T11:32:31.247Z INFO webdriver: DATA { type: 'browser' }
2021-10-30T11:32:31.271Z INFO webdriver: RESULT []
2021-10-30T11:32:31.318Z INFO webdriver: RESULT [
  {
    level: 'SEVERE',
    message: 'https://p.adsymptotic.com/d/px/?_pid=16218&_psign=0aa5badf92527f7732e22463d6fa4dbc&coopa=0&gdpr=0&gdpr_consent=&_puuid=d9b70633-2455-41d9-aa31-e99537ab1f2e - Failed to load resource: the server responded with a status of 403 (Forbidden)',
    source: 'network',
    timestamp: 1635593546334
  },
  {
    level: 'SEVERE',
    message: 'https://p.adsymptotic.com/d/px/?_pid=16218&_psign=0aa5badf92527f7732e22463d6fa4dbc&coopa=0&gdpr=0&gdpr_consent=&_puuid=d9b70633-2455-41d9-aa31-e99537ab1f2e - Failed to load resource: the server responded with a status of 403 (Forbidden)',
    source: 'network',
    timestamp: 1635593550985
  }
]
2021-10-30T11:32:31.320Z INFO webdriver: COMMAND deleteSession()
2021-10-30T11:32:31.320Z INFO webdriver: [DELETE] http://localhost:4444/session/9bf53987efe6f1cf727f666d2682db58
