2021-10-30T11:31:52.567Z INFO @wdio/local-runner: Run worker command: run
2021-10-30T11:31:54.927Z INFO webdriver: Initiate new session using the WebDriver protocol
2021-10-30T11:31:55.042Z INFO webdriver: [POST] http://localhost:4444/session
2021-10-30T11:31:55.042Z INFO webdriver: DATA {
  capabilities: {
    alwaysMatch: { browserName: 'chrome', acceptInsecureCerts: true },
    firstMatch: [ {} ]
  },
  desiredCapabilities: { browserName: 'chrome', acceptInsecureCerts: true }
}
2021-10-30T11:33:06.749Z INFO webdriver: COMMAND navigateTo("https://www.volvocars.com/intl/v/car-safety/a-million-more")
2021-10-30T11:33:06.749Z INFO webdriver: [POST] http://localhost:4444/session/54d9c00db5a22eaaf7b2aac57051e0d4/url
2021-10-30T11:33:06.749Z INFO webdriver: DATA { url: 'https://www.volvocars.com/intl/v/car-safety/a-million-more' }
2021-10-30T11:33:08.749Z INFO webdriver: COMMAND maximizeWindow()
2021-10-30T11:33:08.749Z INFO webdriver: [POST] http://localhost:4444/session/54d9c00db5a22eaaf7b2aac57051e0d4/window/maximize
2021-10-30T11:33:08.969Z INFO webdriver: RESULT { height: 998, width: 1360, x: 0, y: 0 }
2021-10-30T11:33:11.977Z INFO webdriver: COMMAND findElement("xpath", "/html/body/div[1]/div[2]/div[4]/div[2]/div/button")
2021-10-30T11:33:11.977Z INFO webdriver: [POST] http://localhost:4444/session/54d9c00db5a22eaaf7b2aac57051e0d4/element
2021-10-30T11:33:11.978Z INFO webdriver: DATA {
  using: 'xpath',
  value: '/html/body/div[1]/div[2]/div[4]/div[2]/div/button'
}
2021-10-30T11:33:12.018Z INFO webdriver: RESULT {
  'element-6066-11e4-a52e-4f735466cecf': '0f089fb6-1725-4848-90f1-0f76a701d2de'
}
2021-10-30T11:33:12.025Z INFO webdriver: COMMAND elementClick("0f089fb6-1725-4848-90f1-0f76a701d2de")
2021-10-30T11:33:12.025Z INFO webdriver: [POST] http://localhost:4444/session/54d9c00db5a22eaaf7b2aac57051e0d4/element/0f089fb6-1725-4848-90f1-0f76a701d2de/click
2021-10-30T11:33:12.325Z INFO webdriver: COMMAND getTitle()
2021-10-30T11:33:12.326Z INFO webdriver: [GET] http://localhost:4444/session/54d9c00db5a22eaaf7b2aac57051e0d4/title
2021-10-30T11:33:12.370Z INFO webdriver: RESULT A million more | Volvo Cars - International
2021-10-30T11:33:12.374Z INFO webdriver: COMMAND findElement("xpath", "//*[@id="ProductListCarousel-1"]/section/div[1]/div/div/div/div[3]")
2021-10-30T11:33:12.375Z INFO webdriver: [POST] http://localhost:4444/session/54d9c00db5a22eaaf7b2aac57051e0d4/element
2021-10-30T11:33:12.375Z INFO webdriver: DATA {
  using: 'xpath',
  value: '//*[@id="ProductListCarousel-1"]/section/div[1]/div/div/div/div[3]'
}
2021-10-30T11:33:12.376Z INFO webdriver: COMMAND findElement("xpath", "//a[text()='Mild hybrid cars']")
2021-10-30T11:33:12.377Z INFO webdriver: [POST] http://localhost:4444/session/54d9c00db5a22eaaf7b2aac57051e0d4/element
2021-10-30T11:33:12.377Z INFO webdriver: DATA { using: 'xpath', value: "//a[text()='Mild hybrid cars']" }
2021-10-30T11:33:12.451Z INFO webdriver: RESULT {
  'element-6066-11e4-a52e-4f735466cecf': '84b01363-3e1e-4bd8-8f0d-d371a5a24cf3'
}
2021-10-30T11:33:12.458Z INFO webdriver: COMMAND executeScript(<fn>, <object>)
2021-10-30T11:33:12.458Z INFO webdriver: [POST] http://localhost:4444/session/54d9c00db5a22eaaf7b2aac57051e0d4/execute/sync
2021-10-30T11:33:12.458Z INFO webdriver: DATA {
  script: 'return (function (elem, options) {\n' +
    '        elem.scrollIntoView(options);\n' +
    '    }).apply(null, arguments)',
  args: [
    {
      'element-6066-11e4-a52e-4f735466cecf': '84b01363-3e1e-4bd8-8f0d-d371a5a24cf3',
      ELEMENT: '84b01363-3e1e-4bd8-8f0d-d371a5a24cf3'
    },
    true
  ]
}
2021-10-30T11:33:12.550Z INFO webdriver: RESULT {
  'element-6066-11e4-a52e-4f735466cecf': '0a706238-4427-46da-bb31-70e397988426'
}
2021-10-30T11:33:12.636Z INFO webdriver: COMMAND executeScript(<fn>, <object>)
2021-10-30T11:33:12.636Z INFO webdriver: [POST] http://localhost:4444/session/54d9c00db5a22eaaf7b2aac57051e0d4/execute/sync
2021-10-30T11:33:12.636Z INFO webdriver: DATA {
  script: 'return (function isElementDisplayed(element) {\n' +
    '    function nodeIsElement(node) {\n' +
    '        if (!node) {\n' +
    '            return false;\n' +
    '        }\n' +
    '        switch (node.nodeType) {\n' +
    '            case Node.ELEMENT_NODE:\n' +
    '            case Node.DOCUMENT_NODE:\n' +
    '            case Node.DOCUMENT_FRAGMENT_NODE:\n' +
    '                return true;\n' +
    '            default:\n' +
    '                return false;\n' +
    '        }\n' +
    '    }\n' +
    '    function parentElementForElement(element) {\n' +
    '        if (!element) {\n' +
    '            return null;\n' +
    '        }\n' +
    '        return enclosingNodeOrSelfMatchingPredicate(element.parentNode, nodeIsElement);\n' +
    '    }\n' +
    '    function enclosingNodeOrSelfMatchingPredicate(targetNode, predicate) {\n' +
    '        for (let node = targetNode; node && node !== targetNode.ownerDocument; node = node.parentNode)\n' +
    '            if (predicate(node)) {\n' +
    '                return node;\n' +
    '            }\n' +
    '        return null;\n' +
    '    }\n' +
    '    function enclosingElementOrSelfMatchingPredicate(targetElement, predicate) {\n' +
    '        for (let element = targetElement; element && element !== targetElement.ownerDocument; element = parentElementForElement(element))\n' +
    '            if (predicate(element)) {\n' +
    '                return element;\n' +
    '            }\n' +
    '        return null;\n' +
    '    }\n' +
    '    function cascadedStylePropertyForElement(element, property) {\n' +
    '        if (!element || !property) {\n' +
    '            return null;\n' +
    '        }\n' +
    '        // if document-fragment, skip it and use element.host instead. This happens\n' +
    '        // when the element is inside a shadow root.\n' +
    '        // window.getComputedStyle errors on document-fragment.\n' +
    '        if (element instanceof DocumentFragment) {\n' +
    '            element = element.host;\n' +
    '        }\n' +
    '        let computedStyle = window.getComputedStyle(element);\n' +
    '        let computedStyleProperty = computedStyle.getPropertyValue(property);\n' +
    "        if (computedStyleProperty && computedStyleProperty !== 'inherit') {\n" +
    '            return computedStyleProperty;\n' +
    '        }\n' +
    "        // Ideally getPropertyValue would return the 'used' or 'actual' value, but\n" +
    "        // it doesn't for legacy reasons. So we need to do our own poor man's cascade.\n" +
    "        // Fall back to the first non-'inherit' value found in an ancestor.\n" +
    "        // In any case, getPropertyValue will not return 'initial'.\n" +
    '        // FIXME: will this incorrectly inherit non-inheritable CSS properties?\n' +
    '        // I think all important non-inheritable properties (width, height, etc.)\n' +
    '        // for our purposes here are specially resolved, so this may not be an issue.\n' +
    '        // Specification is here: https://drafts.csswg.org/cssom/#resolved-values\n' +
    '        let parentElement = parentElementForElement(element);\n' +
    '        return cascadedStylePropertyForElement(parentElement, property);\n' +
    '    }\n' +
    '    function elementSubtreeHasNonZeroDimensions(element) {\n' +
    '        let boundingBox = element.getBoundingClientRect();\n' +
    '        if (boundingBox.width > 0 && boundingBox.height > 0) {\n' +
    '            return true;\n' +
    '        }\n' +
    '        // Paths can have a zero width or height. Treat them as shown if the stroke width is positive.\n' +
    "        if (element.tagName.toUpperCase() === 'PATH' && boundingBox.width + boundingBox.height > 0) {\n" +
    "            let strokeWidth = cascadedStylePropertyForElement(element, 'stroke-width');\n" +
    '            return !!strokeWidth && (parseInt(strokeWidth, 10) > 0);\n' +
    '        }\n' +
    "        let cascadedOverflow = cascadedStylePropertyForElement(element, 'overflow');\n" +
    "        if (cascadedOverflow === 'hidden') {\n" +
    '            return false;\n' +
    '        }\n' +
    "        // If the container's overflow is not hidden and it has zero size, consider the\n" +
    '        // container to have non-zero dimensions if a child node has non-zero dimensions.\n' +
    '        return Array.from(element.childNodes).some((childNode) => {\n' +
    '            if (childNode.nodeType === Node.TEXT_NODE) {\n' +
    '                return true;\n' +
    '            }\n' +
    '            if (nodeIsElement(childNode)) {\n' +
    '                return elementSubtreeHasNonZeroDimensions(childNode);\n' +
    '            }\n' +
    '            return false;\n' +
    '        });\n' +
    '    }\n' +
    '    function elementOverflowsContainer(element) {\n' +
    "        let cascadedOverflow = cascadedStylePropertyForElement(element, 'overflow');\n" +
    "        if (cascadedOverflow !== 'hidden') {\n" +
    '            return false;\n' +
    '        }\n' +
    '        // FIXME: this needs to take into account the scroll position of the element,\n' +
    '        // the display modes of it and its ancestors, and the container it overflows.\n' +
    "        // See Selenium's bot.dom.getOverflowState atom for an exhaustive list of edge cases.\n" +
    '        return true;\n' +
    '    }\n' +
    '    function isElementSubtreeHiddenByOverflow(element) {\n' +
    '        if (!element) {\n' +
    '            return false;\n' +
    '        }\n' +
    '        if (!elementOverflowsContainer(element)) {\n' +
    '            return false;\n' +
    '        }\n' +
    '        if (!element.childNodes.length) {\n' +
    '            return false;\n' +
    '        }\n' +
    "        // This element's subtree is hidden by overflow if all child subtrees are as well.\n" +
    '        return Array.from(element.childNodes).every((childNode) => {\n' +
    '            // Returns true if the child node is overflowed or otherwise hidden.\n' +
    "            // Base case: not an element, has zero size, scrolled out, or doesn't overflow container.\n" +
    '            // Visibility of text nodes is controlled by parent\n' +
    '            if (childNode.nodeType === Node.TEXT_NODE) {\n' +
    '                return false;\n' +
    '            }\n' +
    '            if (!nodeIsElement(childNode)) {\n' +
    '                return true;\n' +
    '            }\n' +
    '            if (!elementSubtreeHasNonZeroDimensions(childNode)) {\n' +
    '                return true;\n' +
    '            }\n' +
    '            // Recurse.\n' +
    '            return isElementSubtreeHiddenByOverflow(childNode);\n' +
    '        });\n' +
    '    }\n' +
    '    // walk up the tree testing for a shadow root\n' +
    '    function isElementInsideShadowRoot(element) {\n' +
    '        if (!element) {\n' +
    '            return false;\n' +
    '        }\n' +
    '        if (element.parentNode && element.parentNode.host) {\n' +
    '            return true;\n' +
    '        }\n' +
    '        return isElementInsideShadowRoot(element.parentNode);\n' +
    '    }\n' +
    `    // This is a partial reimplementation of Selenium's "element is displayed" algorithm.\n` +
    "    // When the W3C specification's algorithm stabilizes, we should implement that.\n" +
    '    // If this command is misdirected to the wrong document (and is NOT inside a shadow root), treat it as not shown.\n' +
    '    if (!isElementInsideShadowRoot(element) && !document.contains(element)) {\n' +
    '        return false;\n' +
    '    }\n' +
    '    // Special cases for specific tag names.\n' +
    '    switch (element.tagName.toUpperCase()) {\n' +
    "        case 'BODY':\n" +
    '            return true;\n' +
    "        case 'SCRIPT':\n" +
    "        case 'NOSCRIPT':\n" +
    '            return false;\n' +
    "        case 'OPTGROUP':\n" +
    "        case 'OPTION': {\n" +
    '            // Option/optgroup are considered shown if the containing <select> is shown.\n' +
    "            let enclosingSelectElement = enclosingNodeOrSelfMatchingPredicate(element, (e) => e.tagName.toUpperCase() === 'SELECT');\n" +
    '            return isElementDisplayed(enclosingSelectElement);\n' +
    '        }\n' +
    "        case 'INPUT':\n" +
    '            // <input type="hidden"> is considered not shown.\n' +
    "            if (element.type === 'hidden') {\n" +
    '                return false;\n' +
    '            }\n' +
    '            break;\n' +
    "        // case 'MAP':\n" +
    "        // FIXME: Selenium has special handling for <map> elements. We don't do anything now.\n" +
    '        default:\n' +
    '            break;\n' +
    '    }\n' +
    "    if (cascadedStylePropertyForElement(element, 'visibility') !== 'visible') {\n" +
    '        return false;\n' +
    '    }\n' +
    '    let hasAncestorWithZeroOpacity = !!enclosingElementOrSelfMatchingPredicate(element, (e) => {\n' +
    "        return Number(cascadedStylePropertyForElement(e, 'opacity')) === 0;\n" +
    '    });\n' +
    '    let hasAncestorWithDisplayNone = !!enclosingElementOrSelfMatchingPredicate(element, (e) => {\n' +
    "        return cascadedStylePropertyForElement(e, 'display') === 'none';\n" +
    '    });\n' +
    '    if (hasAncestorWithZeroOpacity || hasAncestorWithDisplayNone) {\n' +
    '        return false;\n' +
    '    }\n' +
    '    if (!elementSubtreeHasNonZeroDimensions(element)) {\n' +
    '        return false;\n' +
    '    }\n' +
    '    if (isElementSubtreeHiddenByOverflow(element)) {\n' +
    '        return false;\n' +
    '    }\n' +
    '    return true;\n' +
    '}).apply(null, arguments)',
  args: [
    {
      'element-6066-11e4-a52e-4f735466cecf': '0a706238-4427-46da-bb31-70e397988426',
      ELEMENT: '0a706238-4427-46da-bb31-70e397988426'
    }
  ]
}
2021-10-30T11:33:12.778Z INFO webdriver: RESULT true
2021-10-30T11:33:12.779Z INFO webdriver: COMMAND elementClick("0a706238-4427-46da-bb31-70e397988426")
2021-10-30T11:33:12.779Z INFO webdriver: [POST] http://localhost:4444/session/54d9c00db5a22eaaf7b2aac57051e0d4/element/0a706238-4427-46da-bb31-70e397988426/click
2021-10-30T11:33:13.238Z WARN webdriver: Request encountered a stale element - terminating request
2021-10-30T11:33:13.239Z INFO webdriver: COMMAND findElement("xpath", "//a[text()='Mild hybrid cars']")
2021-10-30T11:33:13.239Z INFO webdriver: [POST] http://localhost:4444/session/54d9c00db5a22eaaf7b2aac57051e0d4/element
2021-10-30T11:33:13.239Z INFO webdriver: DATA { using: 'xpath', value: "//a[text()='Mild hybrid cars']" }
2021-10-30T11:33:13.281Z INFO webdriver: RESULT {
  'element-6066-11e4-a52e-4f735466cecf': '2b319cea-1c55-4cc9-bac7-07ce8e232137'
}
2021-10-30T11:33:13.284Z INFO webdriver: COMMAND elementClick("0a706238-4427-46da-bb31-70e397988426")
2021-10-30T11:33:13.285Z INFO webdriver: [POST] http://localhost:4444/session/54d9c00db5a22eaaf7b2aac57051e0d4/element/0a706238-4427-46da-bb31-70e397988426/click
2021-10-30T11:33:13.324Z WARN webdriver: Request encountered a stale element - terminating request
2021-10-30T11:33:13.325Z INFO webdriver: COMMAND findElement("xpath", "//a[text()='Mild hybrid cars']")
2021-10-30T11:33:13.325Z INFO webdriver: [POST] http://localhost:4444/session/54d9c00db5a22eaaf7b2aac57051e0d4/element
2021-10-30T11:33:13.325Z INFO webdriver: DATA { using: 'xpath', value: "//a[text()='Mild hybrid cars']" }
2021-10-30T11:33:13.356Z INFO webdriver: RESULT {
  'element-6066-11e4-a52e-4f735466cecf': '2b319cea-1c55-4cc9-bac7-07ce8e232137'
}
2021-10-30T11:33:13.360Z INFO webdriver: COMMAND elementClick("2b319cea-1c55-4cc9-bac7-07ce8e232137")
2021-10-30T11:33:13.360Z INFO webdriver: [POST] http://localhost:4444/session/54d9c00db5a22eaaf7b2aac57051e0d4/element/2b319cea-1c55-4cc9-bac7-07ce8e232137/click
2021-10-30T11:33:14.601Z INFO webdriver: COMMAND getUrl()
2021-10-30T11:33:14.601Z INFO webdriver: [GET] http://localhost:4444/session/54d9c00db5a22eaaf7b2aac57051e0d4/url
2021-10-30T11:33:14.760Z INFO webdriver: RESULT https://www.volvocars.com/intl/v/cars/other-powertrains
2021-10-30T11:33:14.765Z INFO webdriver: COMMAND findElement("xpath", "//*[@id="ModelTitle-1"]/section/div/div/div/h1")
2021-10-30T11:33:14.766Z INFO webdriver: [POST] http://localhost:4444/session/54d9c00db5a22eaaf7b2aac57051e0d4/element
2021-10-30T11:33:14.766Z INFO webdriver: DATA {
  using: 'xpath',
  value: '//*[@id="ModelTitle-1"]/section/div/div/div/h1'
}
2021-10-30T11:33:14.871Z INFO webdriver: RESULT {
  'element-6066-11e4-a52e-4f735466cecf': '404cd4ac-04b1-4904-95a8-f5f57c772545'
}
2021-10-30T11:33:14.876Z INFO webdriver: COMMAND getElementText("404cd4ac-04b1-4904-95a8-f5f57c772545")
2021-10-30T11:33:14.876Z INFO webdriver: [GET] http://localhost:4444/session/54d9c00db5a22eaaf7b2aac57051e0d4/element/404cd4ac-04b1-4904-95a8-f5f57c772545/text
2021-10-30T11:33:14.924Z INFO webdriver: RESULT Mild hybrids
2021-10-30T11:33:14.938Z INFO webdriver: COMMAND getLogTypes()
2021-10-30T11:33:14.939Z INFO webdriver: [GET] http://localhost:4444/session/54d9c00db5a22eaaf7b2aac57051e0d4/se/log/types
2021-10-30T11:33:14.949Z INFO webdriver: RESULT [ 'browser', 'driver' ]
2021-10-30T11:33:14.950Z INFO webdriver: COMMAND getLogs("driver")
2021-10-30T11:33:14.950Z INFO webdriver: [POST] http://localhost:4444/session/54d9c00db5a22eaaf7b2aac57051e0d4/se/log
2021-10-30T11:33:14.950Z INFO webdriver: DATA { type: 'driver' }
2021-10-30T11:33:14.951Z INFO webdriver: COMMAND getLogs("browser")
2021-10-30T11:33:14.951Z INFO webdriver: [POST] http://localhost:4444/session/54d9c00db5a22eaaf7b2aac57051e0d4/se/log
2021-10-30T11:33:14.951Z INFO webdriver: DATA { type: 'browser' }
2021-10-30T11:33:14.962Z INFO webdriver: RESULT []
2021-10-30T11:33:14.967Z INFO webdriver: RESULT []
2021-10-30T11:33:14.967Z INFO webdriver: COMMAND deleteSession()
2021-10-30T11:33:14.967Z INFO webdriver: [DELETE] http://localhost:4444/session/54d9c00db5a22eaaf7b2aac57051e0d4
