2021-10-30T13:04:33.174Z WARN @wdio/config:ConfigParser: pattern ./test/specs/example.e2e.js did not match any file
2021-10-30T13:04:33.178Z WARN @wdio/config:ConfigParser: pattern ./test/specs/example.e2e.js did not match any file
2021-10-30T13:04:33.270Z INFO @wdio/cli:launcher: Run onPrepare hook
2021-10-30T13:04:33.273Z ERROR @wdio/cli:utils: A service failed in the 'onPrepare' hook
TypeError: Cannot destructure property `args` of 'undefined' or 'null'.
    at DockerLauncher.onPrepare (/home/kirub_invest/git/volvo-kube-wdio/node_modules/wdio-docker-service/lib/launcher.js:29:22)
    at /home/kirub_invest/git/volvo-kube-wdio/node_modules/@wdio/cli/build/utils.js:28:40
    at Array.map (<anonymous>)
    at runServiceHook (/home/kirub_invest/git/volvo-kube-wdio/node_modules/@wdio/cli/build/utils.js:25:33)
    at Launcher.run (/home/kirub_invest/git/volvo-kube-wdio/node_modules/@wdio/cli/build/launcher.js:86:46)
    at processTicksAndRejections (internal/process/task_queues.js:94:5)

Continue...
2021-10-30T13:04:33.274Z WARN @wdio/config:ConfigParser: pattern ./test/specs/example.e2e.js did not match any file
2021-10-30T13:04:33.275Z WARN @wdio/config:ConfigParser: pattern ./test/specs/example.e2e.js did not match any file
2021-10-30T13:04:33.276Z INFO @wdio/cli:launcher: Run onWorkerStart hook
2021-10-30T13:04:33.276Z INFO @wdio/cli:launcher: Run onWorkerStart hook
2021-10-30T13:04:33.276Z INFO @wdio/cli:launcher: Run onWorkerStart hook
2021-10-30T13:04:33.276Z INFO @wdio/cli:launcher: Run onWorkerStart hook
2021-10-30T13:04:33.276Z INFO @wdio/cli:launcher: Run onWorkerStart hook
2021-10-30T13:04:33.277Z INFO @wdio/cli:launcher: Run onWorkerStart hook
2021-10-30T13:04:33.277Z INFO @wdio/cli:launcher: Run onWorkerStart hook
2021-10-30T13:04:33.277Z INFO @wdio/cli:launcher: Run onWorkerStart hook
2021-10-30T13:04:33.277Z INFO @wdio/local-runner: Start worker 0-0 with arg: run,docker.wdio.conf.js
2021-10-30T13:04:33.292Z INFO @wdio/local-runner: Start worker 1-0 with arg: run,docker.wdio.conf.js
2021-10-30T13:04:33.305Z INFO @wdio/local-runner: Start worker 0-1 with arg: run,docker.wdio.conf.js
2021-10-30T13:04:33.321Z INFO @wdio/local-runner: Start worker 1-1 with arg: run,docker.wdio.conf.js
2021-10-30T13:04:33.336Z INFO @wdio/local-runner: Start worker 0-2 with arg: run,docker.wdio.conf.js
2021-10-30T13:04:33.376Z INFO @wdio/local-runner: Start worker 1-2 with arg: run,docker.wdio.conf.js
2021-10-30T13:04:33.393Z INFO @wdio/local-runner: Start worker 0-3 with arg: run,docker.wdio.conf.js
2021-10-30T13:04:33.443Z INFO @wdio/local-runner: Start worker 1-3 with arg: run,docker.wdio.conf.js
2021-10-30T13:06:11.187Z INFO @wdio/cli:launcher: Run onComplete hook
2021-10-30T13:06:11.191Z INFO @wdio/local-runner: Shutting down spawned worker
2021-10-30T13:06:11.444Z INFO @wdio/local-runner: Waiting for 0 to shut down gracefully
